<?xml version="1.0" encoding="UTF-8"?>
<!-- Generated by org.testng.reporters.JUnitXMLReporter -->
<testsuite ignored="0" hostname="LAPTOP-QIATRTB7" failures="0" tests="3" name="Default test" time="38.383" errors="0" timestamp="2021-08-17T12:10:24 IST">
  <testcase classname="com.crm.tests.CreateAccountTestScript" name="createAccountWithBillingAddress" time="15.662"/>
  <testcase classname="com.crm.tests.CreateAccountTestScript" name="editAccount" time="14.272"/>
  <testcase classname="com.crm.tests.CreateAccountTestScript" name="txtDeleteTheDetails" time="0.672"/>
</testsuite> <!-- Default test -->
