<?xml version="1.0" encoding="UTF-8"?>
<testng-results ignored="0" total="1" passed="1" failed="0" skipped="0">
  <reporter-output>
  </reporter-output>
  <suite started-at="2021-08-26T13:38:25 IST" name="Default suite" finished-at="2021-08-26T13:38:55 IST" duration-ms="30521">
    <groups>
    </groups>
    <test started-at="2021-08-26T13:38:25 IST" name="Default test" finished-at="2021-08-26T13:38:55 IST" duration-ms="30521">
      <class name="com.crm.tests.CreateAccountTestScript">
        <test-method is-config="true" signature="setUp()[pri:0, instance:[CreateAccountTestScript passed=0 failed=0 skipped=0]]" started-at="2021-08-26T13:38:24 IST" name="setUp" finished-at="2021-08-26T13:38:25 IST" duration-ms="344" status="PASS">
          <reporter-output>
          </reporter-output>
        </test-method> <!-- setUp -->
        <test-method is-config="true" signature="init()[pri:0, instance:[CreateAccountTestScript passed=0 failed=0 skipped=0]]" started-at="2021-08-26T13:38:25 IST" name="init" finished-at="2021-08-26T13:38:32 IST" duration-ms="7086" status="PASS">
          <reporter-output>
          </reporter-output>
        </test-method> <!-- init -->
        <test-method signature="createAccountWithBillingAddress()[pri:0, instance:[CreateAccountTestScript passed=0 failed=0 skipped=0]]" started-at="2021-08-26T13:38:32 IST" name="createAccountWithBillingAddress" description="it creates account with billing address" finished-at="2021-08-26T13:38:55 IST" duration-ms="23358" status="PASS">
          <reporter-output>
          </reporter-output>
        </test-method> <!-- createAccountWithBillingAddress -->
        <test-method is-config="true" signature="getResult(org.testng.ITestResult)[pri:0, instance:[CreateAccountTestScript passed=0 failed=0 skipped=0]]" started-at="2021-08-26T13:38:55 IST" name="getResult" finished-at="2021-08-26T13:38:55 IST" duration-ms="23" status="PASS">
          <params>
            <param index="0">
              <value>
                <![CDATA[[TestResult name=createAccountWithBillingAddress on [CreateAccountTestScript passed=0 failed=0 skipped=0] status=SUCCESS method=CreateAccountTestScript.createAccountWithBillingAddress()[pri:0, instance:[CreateAccountTestScript passed=0 failed=0 skipped=0]] output={null}]]]>
              </value>
            </param>
          </params>
          <reporter-output>
          </reporter-output>
        </test-method> <!-- getResult -->
        <test-method is-config="true" signature="tearDown()[pri:0, instance:[CreateAccountTestScript passed=0 failed=0 skipped=0]]" started-at="2021-08-26T13:38:55 IST" name="tearDown" finished-at="2021-08-26T13:38:55 IST" duration-ms="2" status="PASS">
          <reporter-output>
          </reporter-output>
        </test-method> <!-- tearDown -->
      </class> <!-- com.crm.tests.CreateAccountTestScript -->
    </test> <!-- Default test -->
  </suite> <!-- Default suite -->
</testng-results>
